app/build/intermediates/manifest_merge_blame_file/debug/processDebugMainManifest/manifest-merger-blame-debug-report.txt
1<?xml version="1.0" encoding="utf-8"?>
2<manifest xmlns:android="http://schemas.android.com/apk/res/android"
3    package="com.app.studymate"
4    android:versionCode="1"
5    android:versionName="1.0.0" >
6
7    <uses-sdk
8        android:minSdkVersion="21"
9        android:targetSdkVersion="34" />
10
11    <uses-permission android:name="android.permission.INTERNET" />
11-->src\main\AndroidManifest.xml:4:5-67
11-->src\main\AndroidManifest.xml:4:22-64
12    <uses-permission android:name="android.permission.ACCESS_NETWORK_STATE" />
12-->src\main\AndroidManifest.xml:5:5-79
12-->src\main\AndroidManifest.xml:5:22-76
13    <uses-permission android:name="com.google.android.gms.permission.AD_ID" />
13-->src\main\AndroidManifest.xml:6:5-79
13-->src\main\AndroidManifest.xml:6:22-76
14
15    <!-- Create a unique permission for your app and use it so only your app can receive your OneSignal messages. -->
16    <permission
16-->[com.onesignal:notifications:5.1.21] AndroidManifest.xml:10:5-12:47
17        android:name="com.app.studymate.permission.C2D_MESSAGE"
17-->[com.onesignal:notifications:5.1.21] AndroidManifest.xml:11:9-63
18        android:protectionLevel="signature" />
18-->[com.onesignal:notifications:5.1.21] AndroidManifest.xml:12:9-44
19
20    <uses-permission android:name="com.app.studymate.permission.C2D_MESSAGE" /> <!-- Required runtime permission to display notifications on Android 13 -->
20-->[com.onesignal:notifications:5.1.21] AndroidManifest.xml:14:5-79
20-->[com.onesignal:notifications:5.1.21] AndroidManifest.xml:14:22-76
21    <uses-permission android:name="android.permission.POST_NOTIFICATIONS" /> <!-- Required, makes sure notifications are delivered on time. -->
21-->[com.onesignal:notifications:5.1.21] AndroidManifest.xml:17:5-77
21-->[com.onesignal:notifications:5.1.21] AndroidManifest.xml:17:22-74
22    <uses-permission android:name="android.permission.WAKE_LOCK" /> <!-- c2dm RECEIVE are basic requirements for push messages through Google's FCM -->
22-->[com.onesignal:notifications:5.1.21] AndroidManifest.xml:18:5-68
22-->[com.onesignal:notifications:5.1.21] AndroidManifest.xml:18:22-65
23    <uses-permission android:name="com.google.android.c2dm.permission.RECEIVE" />
23-->[com.onesignal:notifications:5.1.21] AndroidManifest.xml:19:5-82
23-->[com.onesignal:notifications:5.1.21] AndroidManifest.xml:19:22-79
24    <!--
25 Required so the device vibrates on receiving a push notification.
26         Vibration settings of the device still apply.
27    -->
28    <uses-permission android:name="android.permission.VIBRATE" />
28-->[com.onesignal:notifications:5.1.21] AndroidManifest.xml:24:5-66
28-->[com.onesignal:notifications:5.1.21] AndroidManifest.xml:24:22-63
29    <!--
30 Use to restore notifications the user hasn't interacted with.
31     They could be missed notifications if the user reboots their device if this isn't in place.
32    -->
33    <uses-permission android:name="android.permission.RECEIVE_BOOT_COMPLETED" /> <!-- START: ShortcutBadger -->
33-->[com.onesignal:notifications:5.1.21] AndroidManifest.xml:29:5-81
33-->[com.onesignal:notifications:5.1.21] AndroidManifest.xml:29:22-78
34    <!-- Samsung -->
35    <uses-permission android:name="com.sec.android.provider.badge.permission.READ" />
35-->[com.onesignal:notifications:5.1.21] AndroidManifest.xml:31:5-86
35-->[com.onesignal:notifications:5.1.21] AndroidManifest.xml:31:22-83
36    <uses-permission android:name="com.sec.android.provider.badge.permission.WRITE" /> <!-- HTC -->
36-->[com.onesignal:notifications:5.1.21] AndroidManifest.xml:32:5-87
36-->[com.onesignal:notifications:5.1.21] AndroidManifest.xml:32:22-84
37    <uses-permission android:name="com.htc.launcher.permission.READ_SETTINGS" />
37-->[com.onesignal:notifications:5.1.21] AndroidManifest.xml:33:5-81
37-->[com.onesignal:notifications:5.1.21] AndroidManifest.xml:33:22-78
38    <uses-permission android:name="com.htc.launcher.permission.UPDATE_SHORTCUT" /> <!-- Sony -->
38-->[com.onesignal:notifications:5.1.21] AndroidManifest.xml:34:5-83
38-->[com.onesignal:notifications:5.1.21] AndroidManifest.xml:34:22-80
39    <uses-permission android:name="com.sonyericsson.home.permission.BROADCAST_BADGE" />
39-->[com.onesignal:notifications:5.1.21] AndroidManifest.xml:35:5-88
39-->[com.onesignal:notifications:5.1.21] AndroidManifest.xml:35:22-85
40    <uses-permission android:name="com.sonymobile.home.permission.PROVIDER_INSERT_BADGE" /> <!-- Apex -->
40-->[com.onesignal:notifications:5.1.21] AndroidManifest.xml:36:5-92
40-->[com.onesignal:notifications:5.1.21] AndroidManifest.xml:36:22-89
41    <uses-permission android:name="com.anddoes.launcher.permission.UPDATE_COUNT" /> <!-- Solid -->
41-->[com.onesignal:notifications:5.1.21] AndroidManifest.xml:37:5-84
41-->[com.onesignal:notifications:5.1.21] AndroidManifest.xml:37:22-81
42    <uses-permission android:name="com.majeur.launcher.permission.UPDATE_BADGE" /> <!-- Huawei -->
42-->[com.onesignal:notifications:5.1.21] AndroidManifest.xml:38:5-83
42-->[com.onesignal:notifications:5.1.21] AndroidManifest.xml:38:22-80
43    <uses-permission android:name="com.huawei.android.launcher.permission.CHANGE_BADGE" />
43-->[com.onesignal:notifications:5.1.21] AndroidManifest.xml:39:5-91
43-->[com.onesignal:notifications:5.1.21] AndroidManifest.xml:39:22-88
44    <uses-permission android:name="com.huawei.android.launcher.permission.READ_SETTINGS" />
44-->[com.onesignal:notifications:5.1.21] AndroidManifest.xml:40:5-92
44-->[com.onesignal:notifications:5.1.21] AndroidManifest.xml:40:22-89
45    <uses-permission android:name="com.huawei.android.launcher.permission.WRITE_SETTINGS" /> <!-- ZUK -->
45-->[com.onesignal:notifications:5.1.21] AndroidManifest.xml:41:5-93
45-->[com.onesignal:notifications:5.1.21] AndroidManifest.xml:41:22-90
46    <uses-permission android:name="android.permission.READ_APP_BADGE" /> <!-- OPPO -->
46-->[com.onesignal:notifications:5.1.21] AndroidManifest.xml:42:5-73
46-->[com.onesignal:notifications:5.1.21] AndroidManifest.xml:42:22-70
47    <uses-permission android:name="com.oppo.launcher.permission.READ_SETTINGS" />
47-->[com.onesignal:notifications:5.1.21] AndroidManifest.xml:43:5-82
47-->[com.onesignal:notifications:5.1.21] AndroidManifest.xml:43:22-79
48    <uses-permission android:name="com.oppo.launcher.permission.WRITE_SETTINGS" /> <!-- EvMe -->
48-->[com.onesignal:notifications:5.1.21] AndroidManifest.xml:44:5-83
48-->[com.onesignal:notifications:5.1.21] AndroidManifest.xml:44:22-80
49    <uses-permission android:name="me.everything.badger.permission.BADGE_COUNT_READ" />
49-->[com.onesignal:notifications:5.1.21] AndroidManifest.xml:45:5-88
49-->[com.onesignal:notifications:5.1.21] AndroidManifest.xml:45:22-85
50    <uses-permission android:name="me.everything.badger.permission.BADGE_COUNT_WRITE" /> <!-- Permission will be merged into the manifest of the hosting app. -->
50-->[com.onesignal:notifications:5.1.21] AndroidManifest.xml:46:5-89
50-->[com.onesignal:notifications:5.1.21] AndroidManifest.xml:46:22-86
51    <!-- Is required to launch foreground extraction service for targetSdkVersion 28+. -->
52    <uses-permission android:name="android.permission.FOREGROUND_SERVICE" /> <!-- Is required to launch foreground extraction service for targetSdkVersion 34+. -->
52-->[com.google.android.play:asset-delivery:2.2.2] AndroidManifest.xml:13:5-77
52-->[com.google.android.play:asset-delivery:2.2.2] AndroidManifest.xml:13:22-74
53    <uses-permission android:name="android.permission.FOREGROUND_SERVICE_DATA_SYNC" />
53-->[com.google.android.play:asset-delivery:2.2.2] AndroidManifest.xml:15:5-87
53-->[com.google.android.play:asset-delivery:2.2.2] AndroidManifest.xml:15:22-84
54    <uses-permission android:name="android.permission.ACCESS_ADSERVICES_AD_ID" />
54-->[com.google.android.gms:play-services-ads-lite:23.3.0] AndroidManifest.xml:27:5-82
54-->[com.google.android.gms:play-services-ads-lite:23.3.0] AndroidManifest.xml:27:22-79
55    <uses-permission android:name="android.permission.ACCESS_ADSERVICES_ATTRIBUTION" />
55-->[com.google.android.gms:play-services-ads-lite:23.3.0] AndroidManifest.xml:28:5-88
55-->[com.google.android.gms:play-services-ads-lite:23.3.0] AndroidManifest.xml:28:22-85
56    <uses-permission android:name="android.permission.ACCESS_ADSERVICES_TOPICS" /> <!-- Android package visibility setting -->
56-->[com.google.android.gms:play-services-ads-lite:23.3.0] AndroidManifest.xml:29:5-83
56-->[com.google.android.gms:play-services-ads-lite:23.3.0] AndroidManifest.xml:29:22-80
57    <queries>
57-->[com.google.android.gms:play-services-ads-lite:23.3.0] AndroidManifest.xml:35:5-51:15
58
59        <!-- For browser content -->
60        <intent>
60-->[com.google.android.gms:play-services-ads-lite:23.3.0] AndroidManifest.xml:38:9-44:18
61            <action android:name="android.intent.action.VIEW" />
61-->[com.onesignal:notifications:5.1.21] AndroidManifest.xml:76:17-69
61-->[com.onesignal:notifications:5.1.21] AndroidManifest.xml:76:25-66
62
63            <category android:name="android.intent.category.BROWSABLE" />
63-->[com.google.android.gms:play-services-ads-lite:23.3.0] AndroidManifest.xml:41:13-74
63-->[com.google.android.gms:play-services-ads-lite:23.3.0] AndroidManifest.xml:41:23-71
64
65            <data android:scheme="https" />
65-->[com.google.android.gms:play-services-ads-lite:23.3.0] AndroidManifest.xml:43:13-44
65-->[com.google.android.gms:play-services-ads-lite:23.3.0] AndroidManifest.xml:43:19-41
66        </intent>
67        <!-- End of browser content -->
68        <!-- For CustomTabsService -->
69        <intent>
69-->[com.google.android.gms:play-services-ads-lite:23.3.0] AndroidManifest.xml:47:9-49:18
70            <action android:name="android.support.customtabs.action.CustomTabsService" />
70-->[com.google.android.gms:play-services-ads-lite:23.3.0] AndroidManifest.xml:48:13-90
70-->[com.google.android.gms:play-services-ads-lite:23.3.0] AndroidManifest.xml:48:21-87
71        </intent>
72        <!-- End of CustomTabsService -->
73        <package android:name="com.facebook.katana" />
73-->[com.facebook.android:audience-network-sdk:6.16.0] AndroidManifest.xml:12:9-55
73-->[com.facebook.android:audience-network-sdk:6.16.0] AndroidManifest.xml:12:18-52
74
75        <intent>
75-->[androidx.media:media:1.4.1] AndroidManifest.xml:25:9-27:18
76            <action android:name="android.media.browse.MediaBrowserService" />
76-->[androidx.media:media:1.4.1] AndroidManifest.xml:26:13-79
76-->[androidx.media:media:1.4.1] AndroidManifest.xml:26:21-76
77        </intent>
78    </queries>
79
80    <permission
80-->[androidx.core:core:1.10.1] AndroidManifest.xml:22:5-24:47
81        android:name="com.app.studymate.DYNAMIC_RECEIVER_NOT_EXPORTED_PERMISSION"
81-->[androidx.core:core:1.10.1] AndroidManifest.xml:23:9-81
82        android:protectionLevel="signature" />
82-->[androidx.core:core:1.10.1] AndroidManifest.xml:24:9-44
83
84    <uses-permission android:name="com.app.studymate.DYNAMIC_RECEIVER_NOT_EXPORTED_PERMISSION" />
84-->[androidx.core:core:1.10.1] AndroidManifest.xml:26:5-97
84-->[androidx.core:core:1.10.1] AndroidManifest.xml:26:22-94
85
86    <application
86-->src\main\AndroidManifest.xml:8:5-42:19
87        android:name="com.app.studymate.activities.MyApplication"
87-->src\main\AndroidManifest.xml:9:9-49
88        android:allowBackup="true"
88-->src\main\AndroidManifest.xml:10:9-35
89        android:appComponentFactory="androidx.core.app.CoreComponentFactory"
89-->[androidx.core:core:1.10.1] AndroidManifest.xml:28:18-86
90        android:debuggable="true"
91        android:extractNativeLibs="true"
92        android:hardwareAccelerated="true"
92-->src\main\AndroidManifest.xml:11:9-43
93        android:icon="@mipmap/ic_launcher"
93-->src\main\AndroidManifest.xml:12:9-43
94        android:label="@string/app_name"
94-->src\main\AndroidManifest.xml:13:9-41
95        android:roundIcon="@mipmap/ic_launcher_round"
95-->src\main\AndroidManifest.xml:14:9-54
96        android:supportsRtl="true"
96-->[com.google.android.ads:mediation-test-suite:3.0.0] AndroidManifest.xml:9:18-44
97        android:testOnly="true"
98        android:theme="@style/AppTheme" >
98-->src\main\AndroidManifest.xml:15:9-40
99        <activity
99-->src\main\AndroidManifest.xml:17:9-26:20
100            android:name="com.app.studymate.activities.SplashActivity"
100-->src\main\AndroidManifest.xml:18:13-54
101            android:configChanges="keyboard|keyboardHidden|orientation|screenSize"
101-->src\main\AndroidManifest.xml:19:13-83
102            android:exported="true" >
102-->src\main\AndroidManifest.xml:20:13-36
103            <intent-filter>
103-->src\main\AndroidManifest.xml:21:13-25:29
104                <action android:name="android.intent.action.MAIN" />
104-->src\main\AndroidManifest.xml:22:17-69
104-->src\main\AndroidManifest.xml:22:25-66
105
106                <category android:name="android.intent.category.LAUNCHER" />
106-->src\main\AndroidManifest.xml:24:17-77
106-->src\main\AndroidManifest.xml:24:27-74
107            </intent-filter>
108        </activity>
109        <activity
109-->src\main\AndroidManifest.xml:28:9-31:38
110            android:name="com.app.studymate.activities.MainActivity"
110-->src\main\AndroidManifest.xml:29:13-52
111            android:configChanges="keyboard|keyboardHidden|orientation|screenSize"
111-->src\main\AndroidManifest.xml:30:13-83
112            android:exported="true" />
112-->src\main\AndroidManifest.xml:31:13-36
113        <activity
113-->src\main\AndroidManifest.xml:33:9-36:39
114            android:name="com.app.studymate.activities.PdfViewerActivity"
114-->src\main\AndroidManifest.xml:34:13-57
115            android:configChanges="keyboard|keyboardHidden|orientation|screenSize"
115-->src\main\AndroidManifest.xml:35:13-83
116            android:exported="true" />
116-->src\main\AndroidManifest.xml:36:13-36
117
118        <meta-data
118-->src\main\AndroidManifest.xml:38:9-40:52
119            android:name="com.google.android.gms.ads.APPLICATION_ID"
119-->src\main\AndroidManifest.xml:39:13-69
120            android:value="@string/admob_app_id" />
120-->src\main\AndroidManifest.xml:40:13-49
121
122        <activity
122-->[com.google.android.ads:mediation-test-suite:3.0.0] AndroidManifest.xml:10:9-15:70
123            android:name="com.google.android.ads.mediationtestsuite.activities.HomeActivity"
123-->[com.google.android.ads:mediation-test-suite:3.0.0] AndroidManifest.xml:11:13-93
124            android:exported="false"
124-->[com.google.android.ads:mediation-test-suite:3.0.0] AndroidManifest.xml:12:13-37
125            android:label="Mediation Test Suite"
125-->[com.google.android.ads:mediation-test-suite:3.0.0] AndroidManifest.xml:13:13-49
126            android:screenOrientation="portrait"
126-->[com.google.android.ads:mediation-test-suite:3.0.0] AndroidManifest.xml:14:13-49
127            android:theme="@style/gmts_TestSuiteTheme.NoActionBar" />
127-->[com.google.android.ads:mediation-test-suite:3.0.0] AndroidManifest.xml:15:13-67
128        <activity
128-->[com.google.android.ads:mediation-test-suite:3.0.0] AndroidManifest.xml:16:9-21:63
129            android:name="com.google.android.ads.mediationtestsuite.activities.NetworkDetailActivity"
129-->[com.google.android.ads:mediation-test-suite:3.0.0] AndroidManifest.xml:17:13-102
130            android:exported="false"
130-->[com.google.android.ads:mediation-test-suite:3.0.0] AndroidManifest.xml:18:13-37
131            android:screenOrientation="portrait"
131-->[com.google.android.ads:mediation-test-suite:3.0.0] AndroidManifest.xml:19:13-49
132            android:theme="@style/gmts_AppSecondaryTheme"
132-->[com.google.android.ads:mediation-test-suite:3.0.0] AndroidManifest.xml:20:13-58
133            android:windowSoftInputMode="stateAlwaysHidden" />
133-->[com.google.android.ads:mediation-test-suite:3.0.0] AndroidManifest.xml:21:13-60
134        <activity
134-->[com.google.android.ads:mediation-test-suite:3.0.0] AndroidManifest.xml:22:9-27:73
135            android:name="com.google.android.ads.mediationtestsuite.activities.ConfigurationItemDetailActivity"
135-->[com.google.android.ads:mediation-test-suite:3.0.0] AndroidManifest.xml:23:13-112
136            android:exported="false"
136-->[com.google.android.ads:mediation-test-suite:3.0.0] AndroidManifest.xml:24:13-37
137            android:label="@string/gmts_ad_unit_details_title"
137-->[com.google.android.ads:mediation-test-suite:3.0.0] AndroidManifest.xml:25:13-63
138            android:screenOrientation="portrait"
138-->[com.google.android.ads:mediation-test-suite:3.0.0] AndroidManifest.xml:26:13-49
139            android:theme="@style/gmts_AppSecondaryTheme.NoActionBar" />
139-->[com.google.android.ads:mediation-test-suite:3.0.0] AndroidManifest.xml:27:13-70
140        <activity
140-->[com.google.android.ads:mediation-test-suite:3.0.0] AndroidManifest.xml:28:9-32:73
141            android:name="com.google.android.ads.mediationtestsuite.activities.ConfigurationItemsSearchActivity"
141-->[com.google.android.ads:mediation-test-suite:3.0.0] AndroidManifest.xml:29:13-113
142            android:exported="false"
142-->[com.google.android.ads:mediation-test-suite:3.0.0] AndroidManifest.xml:30:13-37
143            android:screenOrientation="portrait"
143-->[com.google.android.ads:mediation-test-suite:3.0.0] AndroidManifest.xml:31:13-49
144            android:theme="@style/gmts_AppSecondaryTheme.NoActionBar" />
144-->[com.google.android.ads:mediation-test-suite:3.0.0] AndroidManifest.xml:32:13-70
145
146        <meta-data
146-->[com.github.solodroidx:simple-ads-sdk:1.0.2] AndroidManifest.xml:13:9-15:37
147            android:name="com.google.android.gms.ads.flag.NATIVE_AD_DEBUGGER_ENABLED"
147-->[com.github.solodroidx:simple-ads-sdk:1.0.2] AndroidManifest.xml:14:13-86
148            android:value="false" />
148-->[com.github.solodroidx:simple-ads-sdk:1.0.2] AndroidManifest.xml:15:13-34
149        <meta-data
149-->[com.github.solodroidx:simple-ads-sdk:1.0.2] AndroidManifest.xml:16:9-18:69
150            android:name="com.google.android.gms.version"
150-->[com.github.solodroidx:simple-ads-sdk:1.0.2] AndroidManifest.xml:17:13-58
151            android:value="@integer/google_play_services_version" />
151-->[com.github.solodroidx:simple-ads-sdk:1.0.2] AndroidManifest.xml:18:13-66
152
153        <activity
153-->[com.github.solodroidx:simple-ads-sdk:1.0.2] AndroidManifest.xml:20:9-22:125
154            android:name="com.google.android.gms.ads.AdActivity"
154-->[com.github.solodroidx:simple-ads-sdk:1.0.2] AndroidManifest.xml:21:13-65
155            android:configChanges="keyboard|keyboardHidden|orientation|screenLayout|uiMode|screenSize|smallestScreenSize"
155-->[com.github.solodroidx:simple-ads-sdk:1.0.2] AndroidManifest.xml:22:13-122
156            android:exported="false"
156-->[com.google.android.gms:play-services-ads-lite:23.3.0] AndroidManifest.xml:59:13-37
157            android:theme="@android:style/Theme.Translucent" />
157-->[com.google.android.gms:play-services-ads-lite:23.3.0] AndroidManifest.xml:60:13-61
158
159        <meta-data
159-->[com.github.solodroidx:solodroidx-push-sdk:1.1.1] AndroidManifest.xml:13:9-15:39
160            android:name="com.onesignal.NotificationOpened.DEFAULT"
160-->[com.github.solodroidx:solodroidx-push-sdk:1.1.1] AndroidManifest.xml:14:13-68
161            android:value="DISABLE" />
161-->[com.github.solodroidx:solodroidx-push-sdk:1.1.1] AndroidManifest.xml:15:13-36
162
163        <receiver
163-->[com.onesignal:notifications:5.1.21] AndroidManifest.xml:49:9-60:20
164            android:name="com.onesignal.notifications.receivers.FCMBroadcastReceiver"
164-->[com.onesignal:notifications:5.1.21] AndroidManifest.xml:50:13-86
165            android:exported="true"
165-->[com.onesignal:notifications:5.1.21] AndroidManifest.xml:51:13-36
166            android:permission="com.google.android.c2dm.permission.SEND" >
166-->[com.onesignal:notifications:5.1.21] AndroidManifest.xml:52:13-73
167
168            <!-- High priority so OneSignal payloads can be filtered from other FCM receivers -->
169            <intent-filter android:priority="999" >
169-->[com.onesignal:notifications:5.1.21] AndroidManifest.xml:55:13-59:29
169-->[com.onesignal:notifications:5.1.21] AndroidManifest.xml:55:28-50
170                <action android:name="com.google.android.c2dm.intent.RECEIVE" />
170-->[com.onesignal:notifications:5.1.21] AndroidManifest.xml:56:17-81
170-->[com.onesignal:notifications:5.1.21] AndroidManifest.xml:56:25-78
171
172                <category android:name="com.app.studymate" />
172-->[com.onesignal:notifications:5.1.21] AndroidManifest.xml:58:17-61
172-->[com.onesignal:notifications:5.1.21] AndroidManifest.xml:58:27-58
173            </intent-filter>
174        </receiver>
175
176        <service
176-->[com.onesignal:notifications:5.1.21] AndroidManifest.xml:62:9-68:19
177            android:name="com.onesignal.notifications.services.HmsMessageServiceOneSignal"
177-->[com.onesignal:notifications:5.1.21] AndroidManifest.xml:63:13-91
178            android:exported="false" >
178-->[com.onesignal:notifications:5.1.21] AndroidManifest.xml:64:13-37
179            <intent-filter>
179-->[com.onesignal:notifications:5.1.21] AndroidManifest.xml:65:13-67:29
180                <action android:name="com.huawei.push.action.MESSAGING_EVENT" />
180-->[com.onesignal:notifications:5.1.21] AndroidManifest.xml:66:17-81
180-->[com.onesignal:notifications:5.1.21] AndroidManifest.xml:66:25-78
181            </intent-filter>
182        </service>
183
184        <activity
184-->[com.onesignal:notifications:5.1.21] AndroidManifest.xml:70:9-78:20
185            android:name="com.onesignal.notifications.activities.NotificationOpenedActivityHMS"
185-->[com.onesignal:notifications:5.1.21] AndroidManifest.xml:71:13-96
186            android:exported="true"
186-->[com.onesignal:notifications:5.1.21] AndroidManifest.xml:72:13-36
187            android:noHistory="true"
187-->[com.onesignal:notifications:5.1.21] AndroidManifest.xml:73:13-37
188            android:theme="@android:style/Theme.Translucent.NoTitleBar" >
188-->[com.onesignal:notifications:5.1.21] AndroidManifest.xml:74:13-72
189            <intent-filter>
189-->[com.onesignal:notifications:5.1.21] AndroidManifest.xml:75:13-77:29
190                <action android:name="android.intent.action.VIEW" />
190-->[com.onesignal:notifications:5.1.21] AndroidManifest.xml:76:17-69
190-->[com.onesignal:notifications:5.1.21] AndroidManifest.xml:76:25-66
191            </intent-filter>
192        </activity>
193
194        <receiver
194-->[com.onesignal:notifications:5.1.21] AndroidManifest.xml:80:9-82:39
195            android:name="com.onesignal.notifications.receivers.NotificationDismissReceiver"
195-->[com.onesignal:notifications:5.1.21] AndroidManifest.xml:81:13-93
196            android:exported="true" />
196-->[com.onesignal:notifications:5.1.21] AndroidManifest.xml:82:13-36
197        <receiver
197-->[com.onesignal:notifications:5.1.21] AndroidManifest.xml:83:9-90:20
198            android:name="com.onesignal.notifications.receivers.BootUpReceiver"
198-->[com.onesignal:notifications:5.1.21] AndroidManifest.xml:84:13-80
199            android:exported="true" >
199-->[com.onesignal:notifications:5.1.21] AndroidManifest.xml:85:13-36
200            <intent-filter>
200-->[com.onesignal:notifications:5.1.21] AndroidManifest.xml:86:13-89:29
201                <action android:name="android.intent.action.BOOT_COMPLETED" />
201-->[com.onesignal:notifications:5.1.21] AndroidManifest.xml:87:17-79
201-->[com.onesignal:notifications:5.1.21] AndroidManifest.xml:87:25-76
202                <action android:name="android.intent.action.QUICKBOOT_POWERON" />
202-->[com.onesignal:notifications:5.1.21] AndroidManifest.xml:88:17-82
202-->[com.onesignal:notifications:5.1.21] AndroidManifest.xml:88:25-79
203            </intent-filter>
204        </receiver>
205        <receiver
205-->[com.onesignal:notifications:5.1.21] AndroidManifest.xml:91:9-97:20
206            android:name="com.onesignal.notifications.receivers.UpgradeReceiver"
206-->[com.onesignal:notifications:5.1.21] AndroidManifest.xml:92:13-81
207            android:exported="true" >
207-->[com.onesignal:notifications:5.1.21] AndroidManifest.xml:93:13-36
208            <intent-filter>
208-->[com.onesignal:notifications:5.1.21] AndroidManifest.xml:94:13-96:29
209                <action android:name="android.intent.action.MY_PACKAGE_REPLACED" />
209-->[com.onesignal:notifications:5.1.21] AndroidManifest.xml:95:17-84
209-->[com.onesignal:notifications:5.1.21] AndroidManifest.xml:95:25-81
210            </intent-filter>
211        </receiver>
212
213        <activity
213-->[com.onesignal:notifications:5.1.21] AndroidManifest.xml:99:9-105:75
214            android:name="com.onesignal.notifications.activities.NotificationOpenedActivity"
214-->[com.onesignal:notifications:5.1.21] AndroidManifest.xml:100:13-93
215            android:excludeFromRecents="true"
215-->[com.onesignal:notifications:5.1.21] AndroidManifest.xml:101:13-46
216            android:exported="true"
216-->[com.onesignal:notifications:5.1.21] AndroidManifest.xml:102:13-36
217            android:noHistory="true"
217-->[com.onesignal:notifications:5.1.21] AndroidManifest.xml:103:13-37
218            android:taskAffinity=""
218-->[com.onesignal:notifications:5.1.21] AndroidManifest.xml:104:13-36
219            android:theme="@android:style/Theme.Translucent.NoTitleBar" />
219-->[com.onesignal:notifications:5.1.21] AndroidManifest.xml:105:13-72
220        <activity
220-->[com.onesignal:notifications:5.1.21] AndroidManifest.xml:106:9-111:75
221            android:name="com.onesignal.notifications.activities.NotificationOpenedActivityAndroid22AndOlder"
221-->[com.onesignal:notifications:5.1.21] AndroidManifest.xml:107:13-110
222            android:excludeFromRecents="true"
222-->[com.onesignal:notifications:5.1.21] AndroidManifest.xml:108:13-46
223            android:exported="true"
223-->[com.onesignal:notifications:5.1.21] AndroidManifest.xml:109:13-36
224            android:noHistory="true"
224-->[com.onesignal:notifications:5.1.21] AndroidManifest.xml:110:13-37
225            android:theme="@android:style/Theme.Translucent.NoTitleBar" />
225-->[com.onesignal:notifications:5.1.21] AndroidManifest.xml:111:13-72
226
227        <service
227-->[com.onesignal:core:5.1.21] AndroidManifest.xml:13:9-16:72
228            android:name="com.onesignal.core.services.SyncJobService"
228-->[com.onesignal:core:5.1.21] AndroidManifest.xml:14:13-70
229            android:exported="false"
229-->[com.onesignal:core:5.1.21] AndroidManifest.xml:15:13-37
230            android:permission="android.permission.BIND_JOB_SERVICE" />
230-->[com.onesignal:core:5.1.21] AndroidManifest.xml:16:13-69
231
232        <activity
232-->[com.onesignal:core:5.1.21] AndroidManifest.xml:18:9-21:75
233            android:name="com.onesignal.core.activities.PermissionsActivity"
233-->[com.onesignal:core:5.1.21] AndroidManifest.xml:19:13-77
234            android:exported="false"
234-->[com.onesignal:core:5.1.21] AndroidManifest.xml:20:13-37
235            android:theme="@android:style/Theme.Translucent.NoTitleBar" /> <!-- The services will be merged into the manifest of the hosting app. -->
235-->[com.onesignal:core:5.1.21] AndroidManifest.xml:21:13-72
236        <service
236-->[com.google.android.play:asset-delivery:2.2.2] AndroidManifest.xml:20:9-27:19
237            android:name="com.google.android.play.core.assetpacks.AssetPackExtractionService"
237-->[com.google.android.play:asset-delivery:2.2.2] AndroidManifest.xml:21:13-94
238            android:enabled="false"
238-->[com.google.android.play:asset-delivery:2.2.2] AndroidManifest.xml:22:13-36
239            android:exported="true" >
239-->[com.google.android.play:asset-delivery:2.2.2] AndroidManifest.xml:23:13-36
240            <meta-data
240-->[com.google.android.play:asset-delivery:2.2.2] AndroidManifest.xml:24:13-26:41
241                android:name="com.google.android.play.core.assetpacks.versionCode"
241-->[com.google.android.play:asset-delivery:2.2.2] AndroidManifest.xml:25:17-83
242                android:value="20202" />
242-->[com.google.android.play:asset-delivery:2.2.2] AndroidManifest.xml:26:17-38
243        </service>
244        <service
244-->[com.google.android.play:asset-delivery:2.2.2] AndroidManifest.xml:28:9-32:56
245            android:name="com.google.android.play.core.assetpacks.ExtractionForegroundService"
245-->[com.google.android.play:asset-delivery:2.2.2] AndroidManifest.xml:29:13-95
246            android:enabled="false"
246-->[com.google.android.play:asset-delivery:2.2.2] AndroidManifest.xml:30:13-36
247            android:exported="false"
247-->[com.google.android.play:asset-delivery:2.2.2] AndroidManifest.xml:31:13-37
248            android:foregroundServiceType="dataSync" />
248-->[com.google.android.play:asset-delivery:2.2.2] AndroidManifest.xml:32:13-53
249        <service
249-->[com.google.firebase:firebase-config:22.0.0] AndroidManifest.xml:26:9-35:19
250            android:name="com.google.firebase.components.ComponentDiscoveryService"
250-->[com.google.firebase:firebase-config:22.0.0] AndroidManifest.xml:27:13-84
251            android:directBootAware="true"
251-->[com.google.firebase:firebase-common:21.0.0] AndroidManifest.xml:32:13-43
252            android:exported="false" >
252-->[com.google.firebase:firebase-config:22.0.0] AndroidManifest.xml:28:13-37
253            <meta-data
253-->[com.google.firebase:firebase-config:22.0.0] AndroidManifest.xml:29:13-31:85
254                android:name="com.google.firebase.components:com.google.firebase.remoteconfig.FirebaseRemoteConfigKtxRegistrar"
254-->[com.google.firebase:firebase-config:22.0.0] AndroidManifest.xml:30:17-128
255                android:value="com.google.firebase.components.ComponentRegistrar" />